<?xml version="1.0" encoding="UTF-8"?>
<!-- Generated by org.testng.reporters.JUnitReportReporter -->
<testsuite hostname="Shubham" failures="0" tests="1" name="Sample1.HelloWord" time="0.009" errors="0" timestamp="2023-10-10T07:29:42 IST" skipped="0">
  <testcase classname="Sample1.HelloWord" name="test1" time="0.009"/>
</testsuite> <!-- Sample1.HelloWord -->
